Build started 13/06/2016 19:53:06.
     1>Project "C:\Users\JhonLucas\Dropbox\Programação Jhon\C++\Programação 2016\Projeto e Análise de Algoritmos I\Huffman\Huffman\Huffman.vcxproj" on node 2 (Build target(s)).
     1>ClCompile:
         C:\Program Files (x86)\Microsoft Visual Studio 12.0\VC\bin\CL.exe /c /ZI /nologo /W3 /WX- /sdl /Od /Oy- /D WIN32 /D _DEBUG /D _CONSOLE /D _LIB /D _UNICODE /D UNICODE /Gm /EHsc /RTC1 /MDd /GS /fp:precise /Zc:wchar_t /Zc:forScope /Fo"Debug\\" /Fd"Debug\vc120.pdb" /Gd /TP /analyze- /errorReport:prompt Source.cpp
         Source.cpp
     1>c:\users\jhonlucas\dropbox\programação jhon\c++\programação 2016\projeto e análise de algoritmos i\huffman\huffman\huffman.h(90): warning C4018: '<' : signed/unsigned mismatch
     1>c:\users\jhonlucas\dropbox\programação jhon\c++\programação 2016\projeto e análise de algoritmos i\huffman\huffman\huffman.h(92): warning C4018: '<' : signed/unsigned mismatch
     1>c:\users\jhonlucas\dropbox\programação jhon\c++\programação 2016\projeto e análise de algoritmos i\huffman\huffman\huffman.h(150): warning C4018: '<' : signed/unsigned mismatch
     1>c:\users\jhonlucas\dropbox\programação jhon\c++\programação 2016\projeto e análise de algoritmos i\huffman\huffman\huffman.h(152): warning C4018: '<' : signed/unsigned mismatch
     1>c:\users\jhonlucas\dropbox\programação jhon\c++\programação 2016\projeto e análise de algoritmos i\huffman\huffman\source.cpp(22): warning C4018: '<' : signed/unsigned mismatch
     1>c:\users\jhonlucas\dropbox\programação jhon\c++\programação 2016\projeto e análise de algoritmos i\huffman\huffman\source.cpp(36): warning C4018: '<' : signed/unsigned mismatch
     1>c:\users\jhonlucas\dropbox\programação jhon\c++\programação 2016\projeto e análise de algoritmos i\huffman\huffman\source.cpp(38): warning C4018: '<' : signed/unsigned mismatch
       Link:
         C:\Program Files (x86)\Microsoft Visual Studio 12.0\VC\bin\link.exe /ERRORREPORT:PROMPT /OUT:"C:\Users\JhonLucas\Dropbox\Programação Jhon\C++\Programação 2016\Projeto e Análise de Algoritmos I\Huffman\Debug\Huffman.exe" /INCREMENTAL /NOLOGO kernel32.lib user32.lib gdi32.lib winspool.lib comdlg32.lib advapi32.lib shell32.lib ole32.lib oleaut32.lib uuid.lib odbc32.lib odbccp32.lib /MANIFEST /MANIFESTUAC:"level='asInvoker' uiAccess='false'" /manifest:embed /DEBUG /PDB:"C:\Users\JhonLucas\Dropbox\Programação Jhon\C++\Programação 2016\Projeto e Análise de Algoritmos I\Huffman\Debug\Huffman.pdb" /SUBSYSTEM:CONSOLE /TLBID:1 /DYNAMICBASE /NXCOMPAT /IMPLIB:"C:\Users\JhonLucas\Dropbox\Programação Jhon\C++\Programação 2016\Projeto e Análise de Algoritmos I\Huffman\Debug\Huffman.lib" /MACHINE:X86 Debug\Huffman.obj
         Debug\Smbolo.obj
         Debug\Source.obj
         Huffman.vcxproj -> C:\Users\JhonLucas\Dropbox\Programação Jhon\C++\Programação 2016\Projeto e Análise de Algoritmos I\Huffman\Debug\Huffman.exe
     1>Done Building Project "C:\Users\JhonLucas\Dropbox\Programação Jhon\C++\Programação 2016\Projeto e Análise de Algoritmos I\Huffman\Huffman\Huffman.vcxproj" (Build target(s)).

Build succeeded.

Time Elapsed 00:00:05.88
