Build started 01/04/2016 13:17:49.
     1>Project "C:\Users\JhonLucas\Dropbox\Programação Jhon\C++\Programação 2015\Ed2 - Vs\OrdenacaoVetores\OrdenacaoVetores\OrdenacaoVetores.vcxproj" on node 2 (Build target(s)).
     1>ClCompile:
         C:\Program Files (x86)\Microsoft Visual Studio 12.0\VC\bin\CL.exe /c /ZI /nologo /W3 /WX- /sdl /Od /Oy- /D WIN32 /D _DEBUG /D _CONSOLE /D _LIB /D _UNICODE /D UNICODE /Gm /EHsc /RTC1 /MDd /GS /fp:precise /Zc:wchar_t /Zc:forScope /Fo"Debug\\" /Fd"Debug\vc120.pdb" /Gd /TP /analyze- /errorReport:prompt Sort.cpp Source.cpp
         Source.cpp
     1>c:\users\jhonlucas\dropbox\programação jhon\c++\programação 2015\ed2 - vs\ordenacaovetores\ordenacaovetores\source.cpp(38): warning C4244: 'argument' : conversion from 'time_t' to 'unsigned int', possible loss of data
     1>c:\users\jhonlucas\dropbox\programação jhon\c++\programação 2015\ed2 - vs\ordenacaovetores\ordenacaovetores\source.cpp(72): warning C4244: '=' : conversion from 'clock_t' to 'float', possible loss of data
     1>c:\users\jhonlucas\dropbox\programação jhon\c++\programação 2015\ed2 - vs\ordenacaovetores\ordenacaovetores\source.cpp(78): warning C4244: '=' : conversion from 'clock_t' to 'float', possible loss of data
     1>c:\users\jhonlucas\dropbox\programação jhon\c++\programação 2015\ed2 - vs\ordenacaovetores\ordenacaovetores\source.cpp(84): warning C4244: '=' : conversion from 'clock_t' to 'float', possible loss of data
     1>c:\users\jhonlucas\dropbox\programação jhon\c++\programação 2015\ed2 - vs\ordenacaovetores\ordenacaovetores\source.cpp(90): warning C4244: '=' : conversion from 'clock_t' to 'float', possible loss of data
     1>c:\users\jhonlucas\dropbox\programação jhon\c++\programação 2015\ed2 - vs\ordenacaovetores\ordenacaovetores\source.cpp(96): warning C4244: '=' : conversion from 'clock_t' to 'float', possible loss of data
     1>c:\users\jhonlucas\dropbox\programação jhon\c++\programação 2015\ed2 - vs\ordenacaovetores\ordenacaovetores\source.cpp(104): warning C4244: '=' : conversion from 'clock_t' to 'float', possible loss of data
     1>c:\users\jhonlucas\dropbox\programação jhon\c++\programação 2015\ed2 - vs\ordenacaovetores\ordenacaovetores\source.cpp(110): warning C4244: '=' : conversion from 'clock_t' to 'float', possible loss of data
     1>c:\users\jhonlucas\dropbox\programação jhon\c++\programação 2015\ed2 - vs\ordenacaovetores\ordenacaovetores\source.cpp(116): warning C4244: '=' : conversion from 'clock_t' to 'float', possible loss of data
     1>c:\users\jhonlucas\dropbox\programação jhon\c++\programação 2015\ed2 - vs\ordenacaovetores\ordenacaovetores\source.cpp(122): warning C4244: '=' : conversion from 'clock_t' to 'float', possible loss of data
     1>c:\users\jhonlucas\dropbox\programação jhon\c++\programação 2015\ed2 - vs\ordenacaovetores\ordenacaovetores\source.cpp(128): warning C4244: '=' : conversion from 'clock_t' to 'float', possible loss of data
     1>c:\users\jhonlucas\dropbox\programação jhon\c++\programação 2015\ed2 - vs\ordenacaovetores\ordenacaovetores\source.cpp(149): warning C4244: '=' : conversion from 'clock_t' to 'float', possible loss of data
     1>c:\users\jhonlucas\dropbox\programação jhon\c++\programação 2015\ed2 - vs\ordenacaovetores\ordenacaovetores\source.cpp(155): warning C4244: '=' : conversion from 'clock_t' to 'float', possible loss of data
     1>c:\users\jhonlucas\dropbox\programação jhon\c++\programação 2015\ed2 - vs\ordenacaovetores\ordenacaovetores\source.cpp(161): warning C4244: '=' : conversion from 'clock_t' to 'float', possible loss of data
     1>c:\users\jhonlucas\dropbox\programação jhon\c++\programação 2015\ed2 - vs\ordenacaovetores\ordenacaovetores\source.cpp(167): warning C4244: '=' : conversion from 'clock_t' to 'float', possible loss of data
     1>c:\users\jhonlucas\dropbox\programação jhon\c++\programação 2015\ed2 - vs\ordenacaovetores\ordenacaovetores\source.cpp(173): warning C4244: '=' : conversion from 'clock_t' to 'float', possible loss of data
     1>c:\users\jhonlucas\dropbox\programação jhon\c++\programação 2015\ed2 - vs\ordenacaovetores\ordenacaovetores\source.cpp(194): warning C4244: '=' : conversion from 'clock_t' to 'float', possible loss of data
     1>c:\users\jhonlucas\dropbox\programação jhon\c++\programação 2015\ed2 - vs\ordenacaovetores\ordenacaovetores\source.cpp(200): warning C4244: '=' : conversion from 'clock_t' to 'float', possible loss of data
     1>c:\users\jhonlucas\dropbox\programação jhon\c++\programação 2015\ed2 - vs\ordenacaovetores\ordenacaovetores\source.cpp(206): warning C4244: '=' : conversion from 'clock_t' to 'float', possible loss of data
     1>c:\users\jhonlucas\dropbox\programação jhon\c++\programação 2015\ed2 - vs\ordenacaovetores\ordenacaovetores\source.cpp(212): warning C4244: '=' : conversion from 'clock_t' to 'float', possible loss of data
     1>c:\users\jhonlucas\dropbox\programação jhon\c++\programação 2015\ed2 - vs\ordenacaovetores\ordenacaovetores\source.cpp(218): warning C4244: '=' : conversion from 'clock_t' to 'float', possible loss of data
         Sort.cpp
         Generating Code...
       Link:
         C:\Program Files (x86)\Microsoft Visual Studio 12.0\VC\bin\link.exe /ERRORREPORT:PROMPT /OUT:"C:\Users\JhonLucas\Dropbox\Programação Jhon\C++\Programação 2015\Ed2 - Vs\OrdenacaoVetores\Debug\OrdenacaoVetores.exe" /INCREMENTAL /NOLOGO kernel32.lib user32.lib gdi32.lib winspool.lib comdlg32.lib advapi32.lib shell32.lib ole32.lib oleaut32.lib uuid.lib odbc32.lib odbccp32.lib /MANIFEST /MANIFESTUAC:"level='asInvoker' uiAccess='false'" /manifest:embed /DEBUG /PDB:"C:\Users\JhonLucas\Dropbox\Programação Jhon\C++\Programação 2015\Ed2 - Vs\OrdenacaoVetores\Debug\OrdenacaoVetores.pdb" /SUBSYSTEM:CONSOLE /TLBID:1 /DYNAMICBASE /NXCOMPAT /IMPLIB:"C:\Users\JhonLucas\Dropbox\Programação Jhon\C++\Programação 2015\Ed2 - Vs\OrdenacaoVetores\Debug\OrdenacaoVetores.lib" /MACHINE:X86 Debug\Sort.obj
         Debug\Source.obj
         OrdenacaoVetores.vcxproj -> C:\Users\JhonLucas\Dropbox\Programação Jhon\C++\Programação 2015\Ed2 - Vs\OrdenacaoVetores\Debug\OrdenacaoVetores.exe
     1>Done Building Project "C:\Users\JhonLucas\Dropbox\Programação Jhon\C++\Programação 2015\Ed2 - Vs\OrdenacaoVetores\OrdenacaoVetores\OrdenacaoVetores.vcxproj" (Build target(s)).

Build succeeded.

Time Elapsed 00:00:08.10
