Build started 07/12/2015 20:01:34.
     1>Project "C:\Users\JhonLucas\Dropbox\Programação Jhon\C++\Programação 2015\Ed2 - Vs\Air\Air\Air.vcxproj" on node 2 (Build target(s)).
     1>ClCompile:
         C:\Program Files (x86)\Microsoft Visual Studio 12.0\VC\bin\CL.exe /c /ZI /nologo /W3 /WX- /sdl /Od /Oy- /D WIN32 /D _DEBUG /D _CONSOLE /D _LIB /D _UNICODE /D UNICODE /Gm /EHsc /RTC1 /MDd /GS /fp:precise /Zc:wchar_t /Zc:forScope /Fo"Debug\\" /Fd"Debug\vc120.pdb" /Gd /TP /analyze- /errorReport:prompt Source.cpp
         Source.cpp
     1>c:\users\jhonlucas\dropbox\programação jhon\c++\programação 2015\ed2 - vs\air\air\grafo.h(32): warning C4018: '<' : signed/unsigned mismatch
     1>c:\users\jhonlucas\dropbox\programação jhon\c++\programação 2015\ed2 - vs\air\air\grafo.h(42): warning C4018: '<' : signed/unsigned mismatch
     1>c:\users\jhonlucas\dropbox\programação jhon\c++\programação 2015\ed2 - vs\air\air\grafo.h(113): warning C4018: '<' : signed/unsigned mismatch
     1>c:\users\jhonlucas\dropbox\programação jhon\c++\programação 2015\ed2 - vs\air\air\grafo.h(127): warning C4018: '<' : signed/unsigned mismatch
     1>c:\users\jhonlucas\dropbox\programação jhon\c++\programação 2015\ed2 - vs\air\air\grafo.h(133): warning C4018: '<' : signed/unsigned mismatch
     1>c:\users\jhonlucas\dropbox\programação jhon\c++\programação 2015\ed2 - vs\air\air\grafo.h(148): warning C4018: '<' : signed/unsigned mismatch
     1>c:\users\jhonlucas\dropbox\programação jhon\c++\programação 2015\ed2 - vs\air\air\grafo.h(160): warning C4018: '<' : signed/unsigned mismatch
     1>c:\users\jhonlucas\dropbox\programação jhon\c++\programação 2015\ed2 - vs\air\air\grafo.h(163): warning C4018: '<' : signed/unsigned mismatch
     1>c:\users\jhonlucas\dropbox\programação jhon\c++\programação 2015\ed2 - vs\air\air\source.cpp(44): warning C4018: '<' : signed/unsigned mismatch
       Link:
         C:\Program Files (x86)\Microsoft Visual Studio 12.0\VC\bin\link.exe /ERRORREPORT:PROMPT /OUT:"C:\Users\JhonLucas\Dropbox\Programação Jhon\C++\Programação 2015\Ed2 - Vs\Air\Debug\Air.exe" /INCREMENTAL /NOLOGO kernel32.lib user32.lib gdi32.lib winspool.lib comdlg32.lib advapi32.lib shell32.lib ole32.lib oleaut32.lib uuid.lib odbc32.lib odbccp32.lib /MANIFEST /MANIFESTUAC:"level='asInvoker' uiAccess='false'" /manifest:embed /DEBUG /PDB:"C:\Users\JhonLucas\Dropbox\Programação Jhon\C++\Programação 2015\Ed2 - Vs\Air\Debug\Air.pdb" /SUBSYSTEM:CONSOLE /TLBID:1 /DYNAMICBASE /NXCOMPAT /IMPLIB:"C:\Users\JhonLucas\Dropbox\Programação Jhon\C++\Programação 2015\Ed2 - Vs\Air\Debug\Air.lib" /MACHINE:X86 Debug\aresta.obj
         Debug\dijkstra.obj
         Debug\grafo.obj
         Debug\saida.obj
         Debug\Source.obj
         Debug\vertice.obj
         Air.vcxproj -> C:\Users\JhonLucas\Dropbox\Programação Jhon\C++\Programação 2015\Ed2 - Vs\Air\Debug\Air.exe
     1>Done Building Project "C:\Users\JhonLucas\Dropbox\Programação Jhon\C++\Programação 2015\Ed2 - Vs\Air\Air\Air.vcxproj" (Build target(s)).

Build succeeded.

Time Elapsed 00:00:01.68
